#
# A fatal error has been detected by the Java Runtime Environment:
#
#  EXCEPTION_ACCESS_VIOLATION (0xc0000005) at pc=0x00007ffd6d81fbc0, pid=11772, tid=6432
#
# JRE version: OpenJDK Runtime Environment Temurin-11.0.12+7 (11.0.12+7) (build 11.0.12+7)
# Java VM: OpenJDK 64-Bit Server VM Temurin-11.0.12+7 (11.0.12+7, mixed mode, tiered, compressed oops, g1 gc, windows-amd64)
# Problematic frame:
# V  [jvm.dll+0x10fbc0]
#
# No core dump will be written. Minidumps are not enabled by default on client versions of Windows
#
# If you would like to submit a bug report, please visit:
#   https://github.com/adoptium/adoptium-support/issues
#

---------------  S U M M A R Y ------------

Command Line: engine.Main

Host: AMD Ryzen 3 2200G with Radeon Vega Graphics    , 4 cores, 5G,  Windows 10 , 64 bit Build 19041 (10.0.19041.1348)
Time: Tue Dec 14 19:34:42 2021 Mitteleuropäische Zeit elapsed time: 1.270205 seconds (0d 0h 0m 1s)

---------------  T H R E A D  ---------------

Current thread (0x000001dd08e2e800):  JavaThread "main" [_thread_in_vm, id=6432, stack(0x00000075a0700000,0x00000075a0800000)]

Stack: [0x00000075a0700000,0x00000075a0800000],  sp=0x00000075a07fe668,  free space=1017k
Native frames: (J=compiled Java code, j=interpreted, Vv=VM code, C=native code)
V  [jvm.dll+0x10fbc0]

Java frames: (J=compiled Java code, j=interpreted, Vv=VM code)
j  imgui.ImGui.nInitJni()V+0
j  imgui.ImGui.<clinit>()V+179
v  ~StubRoutines::call_stub
j  gui.ImGuiLayer.initImGui()V+0
j  engine.Window.init()V+206
j  engine.Window.run()V+30
j  engine.Main.main([Ljava/lang/String;)V+5
v  ~StubRoutines::call_stub

siginfo: EXCEPTION_ACCESS_VIOLATION (0xc0000005), reading address 0x0000000000000000


Register to memory mapping:

RIP=0x00007ffd6d81fbc0 jvm.dll
RAX=0x000001dd26172928 points into unknown readable memory: 0x004a5a50ffff0001 | 01 00 ff ff 50 5a 4a 00
RBX=0x000001dd26172928 points into unknown readable memory: 0x004a5a50ffff0001 | 01 00 ff ff 50 5a 4a 00
RCX=0x0 is NULL
RDX=0x000001dcc15063be is an unknown value
RSP=0x00000075a07fe668 is pointing into the stack for thread: 0x000001dd08e2e800
RBP=0x000001dd08e2e800 is a thread
RSI=0x0 is NULL
RDI=0x000001dd2738aa20 points into unknown readable memory: 0x74707c5600090003 | 03 00 09 00 56 7c 70 74
R8 =0x0000000064c6c56a imgui-java64.dll
R9 =0x0000000000000001 is an unknown value
R10=0x000001dd2624f798 points into unknown readable memory: 0x000000000000004a | 4a 00 00 00 00 00 00 00
R11=0x0000000000000002 is an unknown value
R12=0x000001dd08e2eb48 points into unknown readable memory: 0x000001dd27900000 | 00 00 90 27 dd 01 00 00
R13=0x0 is NULL
R14=0x0000000064c6c56c imgui-java64.dll
R15=0x0000000064c6c56a imgui-java64.dll


Registers:
RAX=0x000001dd26172928, RBX=0x000001dd26172928, RCX=0x0000000000000000, RDX=0x000001dcc15063be
RSP=0x00000075a07fe668, RBP=0x000001dd08e2e800, RSI=0x0000000000000000, RDI=0x000001dd2738aa20
R8 =0x0000000064c6c56a, R9 =0x0000000000000001, R10=0x000001dd2624f798, R11=0x0000000000000002
R12=0x000001dd08e2eb48, R13=0x0000000000000000, R14=0x0000000064c6c56c, R15=0x0000000064c6c56a
RIP=0x00007ffd6d81fbc0, EFLAGS=0x0000000000010246

Top of Stack: (sp=0x00000075a07fe668)
0x00000075a07fe668:   00007ffd6daca368 0000000000000001
0x00000075a07fe678:   0000000000000000 000001dd00018f56
0x00000075a07fe688:   000001dd08e2f7f0 000001dd08ee9d00
0x00000075a07fe698:   000001dd08e2e800 000001dd0000004a
0x00000075a07fe6a8:   000001dd08e2f7e0 0000000000000536
0x00000075a07fe6b8:   00007ffd6dfb5380 000001dd08e2e800
0x00000075a07fe6c8:   000001dd08e2f7e0 000001dd000000dc
0x00000075a07fe6d8:   00007ffd6e004bb0 000001dd08e2e800
0x00000075a07fe6e8:   00000075a07fe7c8 000001dd30ef22f8
0x00000075a07fe6f8:   000001dd265dd088 0000000000000000
0x00000075a07fe708:   0000000064ae9194 000001dd0001b2ee
0x00000075a07fe718:   000001dd30ef22f8 00000075a07fe7b0
0x00000075a07fe728:   0000000000000000 0000000000000000
0x00000075a07fe738:   000001dd1155f6d7 000001dd08e2e800
0x00000075a07fe748:   000001dd30ef22f8 00000075a07fe7b0
0x00000075a07fe758:   0000000000000000 000001dd1155f376 

Instructions: (pc=0x00007ffd6d81fbc0)
0x00007ffd6d81fac0:   34 8f 90 00 48 83 c4 20 5b 48 ff e0 48 8d 05 1d
0x00007ffd6d81fad0:   01 00 00 48 8b cb 48 89 05 1b 8f 90 00 48 83 c4
0x00007ffd6d81fae0:   20 5b 48 ff e0 48 8d 05 04 01 00 00 48 8b cb 48
0x00007ffd6d81faf0:   89 05 02 8f 90 00 48 83 c4 20 5b 48 ff e0 48 8b
0x00007ffd6d81fb00:   0d bb ae 96 00 8b 51 10 83 ea 01 0f 84 8b 00 00
0x00007ffd6d81fb10:   00 83 ea 01 74 6d 83 ea 01 74 4f 83 fa 01 74 31
0x00007ffd6d81fb20:   4c 8d 05 99 dd 6a 00 ba ef 00 00 00 48 8d 0d cd
0x00007ffd6d81fb30:   dd 6a 00 e8 48 c0 13 00 e8 43 a4 4e 00 33 c0 48
0x00007ffd6d81fb40:   8b cb 48 89 05 af 8e 90 00 48 83 c4 20 5b 48 ff
0x00007ffd6d81fb50:   e0 48 8d 05 78 00 00 00 48 8b cb 48 89 05 96 8e
0x00007ffd6d81fb60:   90 00 48 83 c4 20 5b 48 ff e0 48 8d 05 4f 00 00
0x00007ffd6d81fb70:   00 48 8b cb 48 89 05 7d 8e 90 00 48 83 c4 20 5b
0x00007ffd6d81fb80:   48 ff e0 48 8d 05 36 00 00 00 48 8b cb 48 89 05
0x00007ffd6d81fb90:   64 8e 90 00 48 83 c4 20 5b 48 ff e0 48 8d 05 1d
0x00007ffd6d81fba0:   00 00 00 48 8b cb 48 89 05 4b 8e 90 00 48 83 c4
0x00007ffd6d81fbb0:   20 5b 48 ff e0 cc cc cc cc cc cc cc cc cc cc cc
0x00007ffd6d81fbc0:   48 8b 01 c3 cc cc cc cc cc cc cc cc cc cc cc cc
0x00007ffd6d81fbd0:   48 8b 01 48 85 c0 74 0f 48 8b 0d e1 ad 96 00 48
0x00007ffd6d81fbe0:   8b d0 e9 89 86 57 00 c3 cc cc cc cc cc cc cc cc
0x00007ffd6d81fbf0:   8b 01 85 c0 75 03 33 c0 c3 8b 0d c9 8a 92 00 48
0x00007ffd6d81fc00:   d3 e0 48 03 05 b7 8a 92 00 c3 cc cc cc cc cc cc
0x00007ffd6d81fc10:   8b 01 85 c0 75 03 33 c0 c3 8b 0d a9 8a 92 00 48
0x00007ffd6d81fc20:   d3 e0 48 03 05 97 8a 92 00 74 0f 48 8b 0d 8e ad
0x00007ffd6d81fc30:   96 00 48 8b d0 e9 36 86 57 00 c3 cc cc cc cc cc
0x00007ffd6d81fc40:   48 89 5c 24 10 56 48 83 ec 20 48 8b d9 48 8b 49
0x00007ffd6d81fc50:   10 e8 1a e1 07 00 48 8b 4b 10 48 8b f0 e8 ee 3c
0x00007ffd6d81fc60:   0c 00 48 3b f0 73 45 48 89 7c 24 30 0f 1f 40 00
0x00007ffd6d81fc70:   48 8b 4b 10 48 8b d6 e8 e4 f2 1a 00 48 8b c8 48
0x00007ffd6d81fc80:   8b 78 08 e8 e8 f1 1a 00 4c 8b c0 48 8b d7 48 8b
0x00007ffd6d81fc90:   cb e8 7a f9 ff ff 48 8b 4b 10 48 ff c6 e8 ae 3c
0x00007ffd6d81fca0:   0c 00 48 3b f0 72 c9 48 8b 7c 24 30 48 8b cb 48
0x00007ffd6d81fcb0:   8b 5c 24 38 48 83 c4 20 5e e9 02 00 00 00 cc cc 


Stack slot to memory mapping:
stack at sp + 0 slots: 0x00007ffd6daca368 jvm.dll
stack at sp + 1 slots: 0x0000000000000001 is an unknown value
stack at sp + 2 slots: 0x0 is NULL
stack at sp + 3 slots: 0x000001dd00018f56 is an unknown value
stack at sp + 4 slots: 0x000001dd08e2f7f0 points into unknown readable memory: 0x00000000a5d00000 | 00 00 d0 a5 00 00 00 00
stack at sp + 5 slots: 0x000001dd08ee9d00 points into unknown readable memory: 0x00000000a667fc40 | 40 fc 67 a6 00 00 00 00
stack at sp + 6 slots: 0x000001dd08e2e800 is a thread
stack at sp + 7 slots: 0x000001dd0000004a is an unknown value


---------------  P R O C E S S  ---------------

Threads class SMR info:
_java_thread_list=0x000001dd2761f2a0, length=10, elements={
0x000001dd08e2e800, 0x000001dd262b7800, 0x000001dd262c0800, 0x000001dd262d1800,
0x000001dd262d3000, 0x000001dd262d4000, 0x000001dd262e0000, 0x000001dd262e1800,
0x000001dd262eb000, 0x000001dd26ddd000
}

Java Threads: ( => current thread )
=>0x000001dd08e2e800 JavaThread "main" [_thread_in_vm, id=6432, stack(0x00000075a0700000,0x00000075a0800000)]
  0x000001dd262b7800 JavaThread "Reference Handler" daemon [_thread_blocked, id=4280, stack(0x00000075a0e00000,0x00000075a0f00000)]
  0x000001dd262c0800 JavaThread "Finalizer" daemon [_thread_blocked, id=6388, stack(0x00000075a0f00000,0x00000075a1000000)]
  0x000001dd262d1800 JavaThread "Signal Dispatcher" daemon [_thread_blocked, id=9908, stack(0x00000075a1000000,0x00000075a1100000)]
  0x000001dd262d3000 JavaThread "Attach Listener" daemon [_thread_blocked, id=3528, stack(0x00000075a1100000,0x00000075a1200000)]
  0x000001dd262d4000 JavaThread "Service Thread" daemon [_thread_blocked, id=6716, stack(0x00000075a1200000,0x00000075a1300000)]
  0x000001dd262e0000 JavaThread "C2 CompilerThread0" daemon [_thread_blocked, id=10604, stack(0x00000075a1300000,0x00000075a1400000)]
  0x000001dd262e1800 JavaThread "C1 CompilerThread0" daemon [_thread_blocked, id=10224, stack(0x00000075a1400000,0x00000075a1500000)]
  0x000001dd262eb000 JavaThread "Sweeper thread" daemon [_thread_blocked, id=4420, stack(0x00000075a1500000,0x00000075a1600000)]
  0x000001dd26ddd000 JavaThread "Common-Cleaner" daemon [_thread_blocked, id=11132, stack(0x00000075a1700000,0x00000075a1800000)]

Other Threads:
  0x000001dd262b4000 VMThread "VM Thread" [stack: 0x00000075a0d00000,0x00000075a0e00000] [id=12012]
  0x000001dd26dd8800 WatcherThread [stack: 0x00000075a1600000,0x00000075a1700000] [id=7544]
  0x000001dd08e46800 GCTaskThread "GC Thread#0" [stack: 0x00000075a0800000,0x00000075a0900000] [id=1240]
  0x000001dd27420800 GCTaskThread "GC Thread#1" [stack: 0x00000075a1800000,0x00000075a1900000] [id=6208]
  0x000001dd08e70000 ConcurrentGCThread "G1 Main Marker" [stack: 0x00000075a0900000,0x00000075a0a00000] [id=7240]
  0x000001dd08e72000 ConcurrentGCThread "G1 Conc#0" [stack: 0x00000075a0a00000,0x00000075a0b00000] [id=9500]
  0x000001dd08ede000 ConcurrentGCThread "G1 Refine#0" [stack: 0x00000075a0b00000,0x00000075a0c00000] [id=7112]
  0x000001dd08edf800 ConcurrentGCThread "G1 Young RemSet Sampling" [stack: 0x00000075a0c00000,0x00000075a0d00000] [id=10300]

Threads with active compile tasks:

VM state:not at safepoint (normal execution)

VM Mutex/Monitor currently owned by a thread: None

Heap address: 0x00000000a0c00000, size: 1524 MB, Compressed Oops mode: 32-bit
Narrow klass base: 0x0000000000000000, Narrow klass shift: 3
Compressed class space size: 1073741824 Address: 0x0000000100000000

Heap:
 garbage-first heap   total 98304K, used 8104K [0x00000000a0c00000, 0x0000000100000000)
  region size 1024K, 9 young (9216K), 2 survivors (2048K)
 Metaspace       used 9986K, capacity 10243K, committed 10624K, reserved 1058816K
  class space    used 755K, capacity 824K, committed 896K, reserved 1048576K
Heap Regions: E=young(eden), S=young(survivor), O=old, HS=humongous(starts), HC=humongous(continues), CS=collection set, F=free, A=archive, TAMS=top-at-mark-start (previous, next)
|   0|0x00000000a0c00000, 0x00000000a0cea200, 0x00000000a0d00000| 91%| O|  |TAMS 0x00000000a0c00000, 0x00000000a0c00000| Untracked 
|   1|0x00000000a0d00000, 0x00000000a0d00000, 0x00000000a0e00000|  0%| F|  |TAMS 0x00000000a0d00000, 0x00000000a0d00000| Untracked 
|   2|0x00000000a0e00000, 0x00000000a0e00000, 0x00000000a0f00000|  0%| F|  |TAMS 0x00000000a0e00000, 0x00000000a0e00000| Untracked 
|   3|0x00000000a0f00000, 0x00000000a0f00000, 0x00000000a1000000|  0%| F|  |TAMS 0x00000000a0f00000, 0x00000000a0f00000| Untracked 
|   4|0x00000000a1000000, 0x00000000a1000000, 0x00000000a1100000|  0%| F|  |TAMS 0x00000000a1000000, 0x00000000a1000000| Untracked 
|   5|0x00000000a1100000, 0x00000000a1100000, 0x00000000a1200000|  0%| F|  |TAMS 0x00000000a1100000, 0x00000000a1100000| Untracked 
|   6|0x00000000a1200000, 0x00000000a1200000, 0x00000000a1300000|  0%| F|  |TAMS 0x00000000a1200000, 0x00000000a1200000| Untracked 
|   7|0x00000000a1300000, 0x00000000a1300000, 0x00000000a1400000|  0%| F|  |TAMS 0x00000000a1300000, 0x00000000a1300000| Untracked 
|   8|0x00000000a1400000, 0x00000000a1400000, 0x00000000a1500000|  0%| F|  |TAMS 0x00000000a1400000, 0x00000000a1400000| Untracked 
|   9|0x00000000a1500000, 0x00000000a1500000, 0x00000000a1600000|  0%| F|  |TAMS 0x00000000a1500000, 0x00000000a1500000| Untracked 
|  10|0x00000000a1600000, 0x00000000a1600000, 0x00000000a1700000|  0%| F|  |TAMS 0x00000000a1600000, 0x00000000a1600000| Untracked 
|  11|0x00000000a1700000, 0x00000000a1700000, 0x00000000a1800000|  0%| F|  |TAMS 0x00000000a1700000, 0x00000000a1700000| Untracked 
|  12|0x00000000a1800000, 0x00000000a1800000, 0x00000000a1900000|  0%| F|  |TAMS 0x00000000a1800000, 0x00000000a1800000| Untracked 
|  13|0x00000000a1900000, 0x00000000a1900000, 0x00000000a1a00000|  0%| F|  |TAMS 0x00000000a1900000, 0x00000000a1900000| Untracked 
|  14|0x00000000a1a00000, 0x00000000a1a00000, 0x00000000a1b00000|  0%| F|  |TAMS 0x00000000a1a00000, 0x00000000a1a00000| Untracked 
|  15|0x00000000a1b00000, 0x00000000a1b00000, 0x00000000a1c00000|  0%| F|  |TAMS 0x00000000a1b00000, 0x00000000a1b00000| Untracked 
|  16|0x00000000a1c00000, 0x00000000a1c00000, 0x00000000a1d00000|  0%| F|  |TAMS 0x00000000a1c00000, 0x00000000a1c00000| Untracked 
|  17|0x00000000a1d00000, 0x00000000a1d00000, 0x00000000a1e00000|  0%| F|  |TAMS 0x00000000a1d00000, 0x00000000a1d00000| Untracked 
|  18|0x00000000a1e00000, 0x00000000a1e00000, 0x00000000a1f00000|  0%| F|  |TAMS 0x00000000a1e00000, 0x00000000a1e00000| Untracked 
|  19|0x00000000a1f00000, 0x00000000a1f00000, 0x00000000a2000000|  0%| F|  |TAMS 0x00000000a1f00000, 0x00000000a1f00000| Untracked 
|  20|0x00000000a2000000, 0x00000000a2000000, 0x00000000a2100000|  0%| F|  |TAMS 0x00000000a2000000, 0x00000000a2000000| Untracked 
|  21|0x00000000a2100000, 0x00000000a2100000, 0x00000000a2200000|  0%| F|  |TAMS 0x00000000a2100000, 0x00000000a2100000| Untracked 
|  22|0x00000000a2200000, 0x00000000a2200000, 0x00000000a2300000|  0%| F|  |TAMS 0x00000000a2200000, 0x00000000a2200000| Untracked 
|  23|0x00000000a2300000, 0x00000000a2300000, 0x00000000a2400000|  0%| F|  |TAMS 0x00000000a2300000, 0x00000000a2300000| Untracked 
|  24|0x00000000a2400000, 0x00000000a2400000, 0x00000000a2500000|  0%| F|  |TAMS 0x00000000a2400000, 0x00000000a2400000| Untracked 
|  25|0x00000000a2500000, 0x00000000a2500000, 0x00000000a2600000|  0%| F|  |TAMS 0x00000000a2500000, 0x00000000a2500000| Untracked 
|  26|0x00000000a2600000, 0x00000000a2600000, 0x00000000a2700000|  0%| F|  |TAMS 0x00000000a2600000, 0x00000000a2600000| Untracked 
|  27|0x00000000a2700000, 0x00000000a2700000, 0x00000000a2800000|  0%| F|  |TAMS 0x00000000a2700000, 0x00000000a2700000| Untracked 
|  28|0x00000000a2800000, 0x00000000a2800000, 0x00000000a2900000|  0%| F|  |TAMS 0x00000000a2800000, 0x00000000a2800000| Untracked 
|  29|0x00000000a2900000, 0x00000000a2900000, 0x00000000a2a00000|  0%| F|  |TAMS 0x00000000a2900000, 0x00000000a2900000| Untracked 
|  30|0x00000000a2a00000, 0x00000000a2a00000, 0x00000000a2b00000|  0%| F|  |TAMS 0x00000000a2a00000, 0x00000000a2a00000| Untracked 
|  31|0x00000000a2b00000, 0x00000000a2b00000, 0x00000000a2c00000|  0%| F|  |TAMS 0x00000000a2b00000, 0x00000000a2b00000| Untracked 
|  32|0x00000000a2c00000, 0x00000000a2c00000, 0x00000000a2d00000|  0%| F|  |TAMS 0x00000000a2c00000, 0x00000000a2c00000| Untracked 
|  33|0x00000000a2d00000, 0x00000000a2d00000, 0x00000000a2e00000|  0%| F|  |TAMS 0x00000000a2d00000, 0x00000000a2d00000| Untracked 
|  34|0x00000000a2e00000, 0x00000000a2e00000, 0x00000000a2f00000|  0%| F|  |TAMS 0x00000000a2e00000, 0x00000000a2e00000| Untracked 
|  35|0x00000000a2f00000, 0x00000000a2f00000, 0x00000000a3000000|  0%| F|  |TAMS 0x00000000a2f00000, 0x00000000a2f00000| Untracked 
|  36|0x00000000a3000000, 0x00000000a3000000, 0x00000000a3100000|  0%| F|  |TAMS 0x00000000a3000000, 0x00000000a3000000| Untracked 
|  37|0x00000000a3100000, 0x00000000a3100000, 0x00000000a3200000|  0%| F|  |TAMS 0x00000000a3100000, 0x00000000a3100000| Untracked 
|  38|0x00000000a3200000, 0x00000000a3200000, 0x00000000a3300000|  0%| F|  |TAMS 0x00000000a3200000, 0x00000000a3200000| Untracked 
|  39|0x00000000a3300000, 0x00000000a3300000, 0x00000000a3400000|  0%| F|  |TAMS 0x00000000a3300000, 0x00000000a3300000| Untracked 
|  40|0x00000000a3400000, 0x00000000a3400000, 0x00000000a3500000|  0%| F|  |TAMS 0x00000000a3400000, 0x00000000a3400000| Untracked 
|  41|0x00000000a3500000, 0x00000000a3500000, 0x00000000a3600000|  0%| F|  |TAMS 0x00000000a3500000, 0x00000000a3500000| Untracked 
|  42|0x00000000a3600000, 0x00000000a3600000, 0x00000000a3700000|  0%| F|  |TAMS 0x00000000a3600000, 0x00000000a3600000| Untracked 
|  43|0x00000000a3700000, 0x00000000a3700000, 0x00000000a3800000|  0%| F|  |TAMS 0x00000000a3700000, 0x00000000a3700000| Untracked 
|  44|0x00000000a3800000, 0x00000000a3800000, 0x00000000a3900000|  0%| F|  |TAMS 0x00000000a3800000, 0x00000000a3800000| Untracked 
|  45|0x00000000a3900000, 0x00000000a3900000, 0x00000000a3a00000|  0%| F|  |TAMS 0x00000000a3900000, 0x00000000a3900000| Untracked 
|  46|0x00000000a3a00000, 0x00000000a3a00000, 0x00000000a3b00000|  0%| F|  |TAMS 0x00000000a3a00000, 0x00000000a3a00000| Untracked 
|  47|0x00000000a3b00000, 0x00000000a3b00000, 0x00000000a3c00000|  0%| F|  |TAMS 0x00000000a3b00000, 0x00000000a3b00000| Untracked 
|  48|0x00000000a3c00000, 0x00000000a3c00000, 0x00000000a3d00000|  0%| F|  |TAMS 0x00000000a3c00000, 0x00000000a3c00000| Untracked 
|  49|0x00000000a3d00000, 0x00000000a3d00000, 0x00000000a3e00000|  0%| F|  |TAMS 0x00000000a3d00000, 0x00000000a3d00000| Untracked 
|  50|0x00000000a3e00000, 0x00000000a3e00000, 0x00000000a3f00000|  0%| F|  |TAMS 0x00000000a3e00000, 0x00000000a3e00000| Untracked 
|  51|0x00000000a3f00000, 0x00000000a3f00000, 0x00000000a4000000|  0%| F|  |TAMS 0x00000000a3f00000, 0x00000000a3f00000| Untracked 
|  52|0x00000000a4000000, 0x00000000a4000000, 0x00000000a4100000|  0%| F|  |TAMS 0x00000000a4000000, 0x00000000a4000000| Untracked 
|  53|0x00000000a4100000, 0x00000000a4100000, 0x00000000a4200000|  0%| F|  |TAMS 0x00000000a4100000, 0x00000000a4100000| Untracked 
|  54|0x00000000a4200000, 0x00000000a4200000, 0x00000000a4300000|  0%| F|  |TAMS 0x00000000a4200000, 0x00000000a4200000| Untracked 
|  55|0x00000000a4300000, 0x00000000a4300000, 0x00000000a4400000|  0%| F|  |TAMS 0x00000000a4300000, 0x00000000a4300000| Untracked 
|  56|0x00000000a4400000, 0x00000000a4400000, 0x00000000a4500000|  0%| F|  |TAMS 0x00000000a4400000, 0x00000000a4400000| Untracked 
|  57|0x00000000a4500000, 0x00000000a4500000, 0x00000000a4600000|  0%| F|  |TAMS 0x00000000a4500000, 0x00000000a4500000| Untracked 
|  58|0x00000000a4600000, 0x00000000a4600000, 0x00000000a4700000|  0%| F|  |TAMS 0x00000000a4600000, 0x00000000a4600000| Untracked 
|  59|0x00000000a4700000, 0x00000000a4700000, 0x00000000a4800000|  0%| F|  |TAMS 0x00000000a4700000, 0x00000000a4700000| Untracked 
|  60|0x00000000a4800000, 0x00000000a4800000, 0x00000000a4900000|  0%| F|  |TAMS 0x00000000a4800000, 0x00000000a4800000| Untracked 
|  61|0x00000000a4900000, 0x00000000a4900000, 0x00000000a4a00000|  0%| F|  |TAMS 0x00000000a4900000, 0x00000000a4900000| Untracked 
|  62|0x00000000a4a00000, 0x00000000a4a00000, 0x00000000a4b00000|  0%| F|  |TAMS 0x00000000a4a00000, 0x00000000a4a00000| Untracked 
|  63|0x00000000a4b00000, 0x00000000a4b00000, 0x00000000a4c00000|  0%| F|  |TAMS 0x00000000a4b00000, 0x00000000a4b00000| Untracked 
|  64|0x00000000a4c00000, 0x00000000a4c00000, 0x00000000a4d00000|  0%| F|  |TAMS 0x00000000a4c00000, 0x00000000a4c00000| Untracked 
|  65|0x00000000a4d00000, 0x00000000a4d00000, 0x00000000a4e00000|  0%| F|  |TAMS 0x00000000a4d00000, 0x00000000a4d00000| Untracked 
|  66|0x00000000a4e00000, 0x00000000a4e00000, 0x00000000a4f00000|  0%| F|  |TAMS 0x00000000a4e00000, 0x00000000a4e00000| Untracked 
|  67|0x00000000a4f00000, 0x00000000a4f00000, 0x00000000a5000000|  0%| F|  |TAMS 0x00000000a4f00000, 0x00000000a4f00000| Untracked 
|  68|0x00000000a5000000, 0x00000000a5000000, 0x00000000a5100000|  0%| F|  |TAMS 0x00000000a5000000, 0x00000000a5000000| Untracked 
|  69|0x00000000a5100000, 0x00000000a5100000, 0x00000000a5200000|  0%| F|  |TAMS 0x00000000a5100000, 0x00000000a5100000| Untracked 
|  70|0x00000000a5200000, 0x00000000a5200000, 0x00000000a5300000|  0%| F|  |TAMS 0x00000000a5200000, 0x00000000a5200000| Untracked 
|  71|0x00000000a5300000, 0x00000000a5300000, 0x00000000a5400000|  0%| F|  |TAMS 0x00000000a5300000, 0x00000000a5300000| Untracked 
|  72|0x00000000a5400000, 0x00000000a5400000, 0x00000000a5500000|  0%| F|  |TAMS 0x00000000a5400000, 0x00000000a5400000| Untracked 
|  73|0x00000000a5500000, 0x00000000a5500000, 0x00000000a5600000|  0%| F|  |TAMS 0x00000000a5500000, 0x00000000a5500000| Untracked 
|  74|0x00000000a5600000, 0x00000000a5600000, 0x00000000a5700000|  0%| F|  |TAMS 0x00000000a5600000, 0x00000000a5600000| Untracked 
|  75|0x00000000a5700000, 0x00000000a5700000, 0x00000000a5800000|  0%| F|  |TAMS 0x00000000a5700000, 0x00000000a5700000| Untracked 
|  76|0x00000000a5800000, 0x00000000a5800000, 0x00000000a5900000|  0%| F|  |TAMS 0x00000000a5800000, 0x00000000a5800000| Untracked 
|  77|0x00000000a5900000, 0x00000000a5900000, 0x00000000a5a00000|  0%| F|  |TAMS 0x00000000a5900000, 0x00000000a5900000| Untracked 
|  78|0x00000000a5a00000, 0x00000000a5a00000, 0x00000000a5b00000|  0%| F|  |TAMS 0x00000000a5a00000, 0x00000000a5a00000| Untracked 
|  79|0x00000000a5b00000, 0x00000000a5b00000, 0x00000000a5c00000|  0%| F|  |TAMS 0x00000000a5b00000, 0x00000000a5b00000| Untracked 
|  80|0x00000000a5c00000, 0x00000000a5d00000, 0x00000000a5d00000|100%| S|CS|TAMS 0x00000000a5c00000, 0x00000000a5c00000| Complete 
|  81|0x00000000a5d00000, 0x00000000a5e00000, 0x00000000a5e00000|100%| S|CS|TAMS 0x00000000a5d00000, 0x00000000a5d00000| Complete 
|  82|0x00000000a5e00000, 0x00000000a5e00000, 0x00000000a5f00000|  0%| F|  |TAMS 0x00000000a5e00000, 0x00000000a5e00000| Untracked 
|  83|0x00000000a5f00000, 0x00000000a5f00000, 0x00000000a6000000|  0%| F|  |TAMS 0x00000000a5f00000, 0x00000000a5f00000| Untracked 
|  84|0x00000000a6000000, 0x00000000a6000000, 0x00000000a6100000|  0%| F|  |TAMS 0x00000000a6000000, 0x00000000a6000000| Untracked 
|  85|0x00000000a6100000, 0x00000000a6100000, 0x00000000a6200000|  0%| F|  |TAMS 0x00000000a6100000, 0x00000000a6100000| Untracked 
|  86|0x00000000a6200000, 0x00000000a6200000, 0x00000000a6300000|  0%| F|  |TAMS 0x00000000a6200000, 0x00000000a6200000| Untracked 
|  87|0x00000000a6300000, 0x00000000a6300000, 0x00000000a6400000|  0%| F|  |TAMS 0x00000000a6300000, 0x00000000a6300000| Untracked 
|  88|0x00000000a6400000, 0x00000000a6400000, 0x00000000a6500000|  0%| F|  |TAMS 0x00000000a6400000, 0x00000000a6400000| Untracked 
|  89|0x00000000a6500000, 0x00000000a6600000, 0x00000000a6600000|100%| E|  |TAMS 0x00000000a6500000, 0x00000000a6500000| Complete 
|  90|0x00000000a6600000, 0x00000000a6700000, 0x00000000a6700000|100%| E|CS|TAMS 0x00000000a6600000, 0x00000000a6600000| Complete 
|  91|0x00000000a6700000, 0x00000000a6800000, 0x00000000a6800000|100%| E|  |TAMS 0x00000000a6700000, 0x00000000a6700000| Complete 
|  92|0x00000000a6800000, 0x00000000a6900000, 0x00000000a6900000|100%| E|CS|TAMS 0x00000000a6800000, 0x00000000a6800000| Complete 
|  93|0x00000000a6900000, 0x00000000a6a00000, 0x00000000a6a00000|100%| E|CS|TAMS 0x00000000a6900000, 0x00000000a6900000| Complete 
|  94|0x00000000a6a00000, 0x00000000a6b00000, 0x00000000a6b00000|100%| E|CS|TAMS 0x00000000a6a00000, 0x00000000a6a00000| Complete 
|  95|0x00000000a6b00000, 0x00000000a6c00000, 0x00000000a6c00000|100%| E|CS|TAMS 0x00000000a6b00000, 0x00000000a6b00000| Complete 

Card table byte_map: [0x000001dd20850000,0x000001dd20b50000] _byte_map_base: 0x000001dd2034a000

Marking Bits (Prev, Next): (CMBitMap*) 0x000001dd08e68ff8, (CMBitMap*) 0x000001dd08e69030
 Prev Bits: [0x000001dd20e50000, 0x000001dd22620000)
 Next Bits: [0x000001dd22620000, 0x000001dd23df0000)

Polling page: 0x000001dd06c50000

Metaspace:

Usage:
  Non-class:      9.20 MB capacity,     9.01 MB ( 98%) used,   175.31 KB (  2%) free+waste,    12.50 KB ( <1%) overhead. 
      Class:    824.00 KB capacity,   755.68 KB ( 92%) used,    62.63 KB (  8%) free+waste,     5.69 KB ( <1%) overhead. 
       Both:     10.00 MB capacity,     9.75 MB ( 97%) used,   237.95 KB (  2%) free+waste,    18.19 KB ( <1%) overhead. 

Virtual space:
  Non-class space:       10.00 MB reserved,       9.50 MB ( 95%) committed 
      Class space:        1.00 GB reserved,     896.00 KB ( <1%) committed 
             Both:        1.01 GB reserved,      10.38 MB (  1%) committed 

Chunk freelists:
   Non-Class:  117.00 KB
       Class:  8.00 KB
        Both:  125.00 KB

MaxMetaspaceSize: 17179869184.00 GB
CompressedClassSpaceSize: 1.00 GB
Initial GC threshold: 20.80 MB
Current GC threshold: 20.80 MB
CDS: off

CodeHeap 'non-profiled nmethods': size=120064Kb used=285Kb max_used=285Kb free=119779Kb
 bounds [0x000001dd19010000, 0x000001dd19280000, 0x000001dd20550000]
CodeHeap 'profiled nmethods': size=120000Kb used=1620Kb max_used=1620Kb free=118379Kb
 bounds [0x000001dd11ae0000, 0x000001dd11d50000, 0x000001dd19010000]
CodeHeap 'non-nmethods': size=5696Kb used=1642Kb max_used=1659Kb free=4053Kb
 bounds [0x000001dd11550000, 0x000001dd117c0000, 0x000001dd11ae0000]
 total_blobs=1910 nmethods=859 adapters=964
 compilation: enabled
              stopped_count=0, restarted_count=0
 full_count=0

Compilation events (20 events):
Event: 1.165 Thread 0x000001dd262e1800  848   !   3       sun.nio.ch.IOUtil::write (174 bytes)
Event: 1.166 Thread 0x000001dd262e1800 nmethod 848 0x000001dd11c5d490 code [0x000001dd11c5d700, 0x000001dd11c5df68]
Event: 1.166 Thread 0x000001dd262e1800  849   !   3       java.nio.DirectByteBuffer::put (289 bytes)
Event: 1.166 Thread 0x000001dd262e1800 nmethod 849 0x000001dd11c5e310 code [0x000001dd11c5e5e0, 0x000001dd11c5f538]
Event: 1.166 Thread 0x000001dd262e1800  850   !   3       java.nio.DirectByteBuffer::put (151 bytes)
Event: 1.167 Thread 0x000001dd262e1800 nmethod 850 0x000001dd11c5fa90 code [0x000001dd11c5fdc0, 0x000001dd11c60d88]
Event: 1.167 Thread 0x000001dd262e1800  851       3       sun.nio.ch.IOUtil::writeFromNativeBuffer (157 bytes)
Event: 1.168 Thread 0x000001dd262e1800 nmethod 851 0x000001dd11c61590 code [0x000001dd11c617e0, 0x000001dd11c62128]
Event: 1.250 Thread 0x000001dd262e1800  852       3       sun.net.www.ParseUtil::firstEncodeIndex (86 bytes)
Event: 1.251 Thread 0x000001dd262e1800 nmethod 852 0x000001dd11c62410 code [0x000001dd11c62660, 0x000001dd11c63008]
Event: 1.252 Thread 0x000001dd262e0000  853       4       java.util.Objects::requireNonNull (15 bytes)
Event: 1.252 Thread 0x000001dd262e1800  854       3       jdk.internal.loader.URLClassPath::getResource (74 bytes)
Event: 1.252 Thread 0x000001dd262e0000 nmethod 853 0x000001dd19054510 code [0x000001dd190546a0, 0x000001dd190546f8]
Event: 1.252 Thread 0x000001dd262e1800 nmethod 854 0x000001dd11c63390 code [0x000001dd11c63560, 0x000001dd11c63898]
Event: 1.252 Thread 0x000001dd262e1800  855       3       java.util.ArrayDeque::pollFirst (36 bytes)
Event: 1.252 Thread 0x000001dd262e1800 nmethod 855 0x000001dd11c63a10 code [0x000001dd11c63be0, 0x000001dd11c63fd8]
Event: 1.252 Thread 0x000001dd262e1800  856       3       sun.net.www.protocol.file.Handler::parseURL (18 bytes)
Event: 1.252 Thread 0x000001dd262e0000  858 %     4       java.lang.StringLatin1::indexOf @ 30 (121 bytes)
Event: 1.253 Thread 0x000001dd262e1800 nmethod 856 0x000001dd11c64190 code [0x000001dd11c64360, 0x000001dd11c644f8]
Event: 1.253 Thread 0x000001dd262e1800  857       3       java.net.URLStreamHandler::parseURL (1201 bytes)

GC Heap History (2 events):
Event: 0.542 GC heap before
{Heap before GC invocations=0 (full 0):
 garbage-first heap   total 98304K, used 13312K [0x00000000a0c00000, 0x0000000100000000)
  region size 1024K, 14 young (14336K), 0 survivors (0K)
 Metaspace       used 8258K, capacity 8416K, committed 8448K, reserved 1056768K
  class space    used 705K, capacity 743K, committed 768K, reserved 1048576K
}
Event: 0.547 GC heap after
{Heap after GC invocations=1 (full 0):
 garbage-first heap   total 98304K, used 2984K [0x00000000a0c00000, 0x0000000100000000)
  region size 1024K, 2 young (2048K), 2 survivors (2048K)
 Metaspace       used 8258K, capacity 8416K, committed 8448K, reserved 1056768K
  class space    used 705K, capacity 743K, committed 768K, reserved 1048576K
}

Deoptimization events (20 events):
Event: 0.495 Thread 0x000001dd08e2e800 Uncommon trap: trap_request=0xffffffde fr.pc=0x000001dd1902e4a8 relative=0x0000000000000448
Event: 0.495 Thread 0x000001dd08e2e800 Uncommon trap: reason=class_check action=maybe_recompile pc=0x000001dd1902e4a8 method=java.util.HashMap.getNode(ILjava/lang/Object;)Ljava/util/HashMap$Node; @ 59 c2
Event: 0.495 Thread 0x000001dd08e2e800 DEOPT PACKING pc=0x000001dd1902e4a8 sp=0x00000075a07fbce0
Event: 0.495 Thread 0x000001dd08e2e800 DEOPT UNPACKING pc=0x000001dd1159a1af sp=0x00000075a07fbbf8 mode 2
Event: 0.577 Thread 0x000001dd08e2e800 Uncommon trap: trap_request=0xffffffde fr.pc=0x000001dd1902e4a8 relative=0x0000000000000448
Event: 0.577 Thread 0x000001dd08e2e800 Uncommon trap: reason=class_check action=maybe_recompile pc=0x000001dd1902e4a8 method=java.util.HashMap.getNode(ILjava/lang/Object;)Ljava/util/HashMap$Node; @ 59 c2
Event: 0.577 Thread 0x000001dd08e2e800 DEOPT PACKING pc=0x000001dd1902e4a8 sp=0x00000075a07fdd60
Event: 0.577 Thread 0x000001dd08e2e800 DEOPT UNPACKING pc=0x000001dd1159a1af sp=0x00000075a07fdc78 mode 2
Event: 0.891 Thread 0x000001dd08e2e800 Uncommon trap: trap_request=0xffffffde fr.pc=0x000001dd1902e4a8 relative=0x0000000000000448
Event: 0.891 Thread 0x000001dd08e2e800 Uncommon trap: reason=class_check action=maybe_recompile pc=0x000001dd1902e4a8 method=java.util.HashMap.getNode(ILjava/lang/Object;)Ljava/util/HashMap$Node; @ 59 c2
Event: 0.891 Thread 0x000001dd08e2e800 DEOPT PACKING pc=0x000001dd1902e4a8 sp=0x00000075a07fdf60
Event: 0.891 Thread 0x000001dd08e2e800 DEOPT UNPACKING pc=0x000001dd1159a1af sp=0x00000075a07fde78 mode 2
Event: 1.046 Thread 0x000001dd08e2e800 Uncommon trap: trap_request=0xffffff5c fr.pc=0x000001dd19050500 relative=0x0000000000000060
Event: 1.046 Thread 0x000001dd08e2e800 Uncommon trap: reason=speculate_null_assert action=make_not_entrant pc=0x000001dd19050500 method=sun.misc.Unsafe.putLong(Ljava/lang/Object;JJ)V @ 7 c2
Event: 1.046 Thread 0x000001dd08e2e800 DEOPT PACKING pc=0x000001dd19050500 sp=0x00000075a07fee00
Event: 1.046 Thread 0x000001dd08e2e800 DEOPT UNPACKING pc=0x000001dd1159a1af sp=0x00000075a07fed78 mode 2
Event: 1.047 Thread 0x000001dd08e2e800 Uncommon trap: trap_request=0xffffff5c fr.pc=0x000001dd19051bf8 relative=0x0000000000000058
Event: 1.047 Thread 0x000001dd08e2e800 Uncommon trap: reason=speculate_null_assert action=make_not_entrant pc=0x000001dd19051bf8 method=sun.misc.Unsafe.getLong(Ljava/lang/Object;J)J @ 5 c2
Event: 1.047 Thread 0x000001dd08e2e800 DEOPT PACKING pc=0x000001dd19051bf8 sp=0x00000075a07fecc0
Event: 1.047 Thread 0x000001dd08e2e800 DEOPT UNPACKING pc=0x000001dd1159a1af sp=0x00000075a07fec48 mode 2

Classes redefined (0 events):
No events

Internal exceptions (20 events):
Event: 0.845 Thread 0x000001dd08e2e800 Exception <a 'java/lang/NoSuchMethodError'{0x00000000a69c0ce8}: 'void java.lang.invoke.DirectMethodHandle$Holder.invokeStatic(java.lang.Object, long, int, int)'> (0x00000000a69c0ce8) thrown at [./src/hotspot/share/interpreter/linkResolver.cpp, line 773]
Event: 1.009 Thread 0x000001dd08e2e800 Exception <a 'sun/nio/fs/WindowsException'{0x00000000a682e8b8}> (0x00000000a682e8b8) thrown at [./src/hotspot/share/prims/jni.cpp, line 615]
Event: 1.009 Thread 0x000001dd08e2e800 Exception <a 'sun/nio/fs/WindowsException'{0x00000000a682ec68}> (0x00000000a682ec68) thrown at [./src/hotspot/share/prims/jni.cpp, line 615]
Event: 1.014 Thread 0x000001dd08e2e800 Exception <a 'sun/nio/fs/WindowsException'{0x00000000a6861cb8}> (0x00000000a6861cb8) thrown at [./src/hotspot/share/prims/jni.cpp, line 615]
Event: 1.014 Thread 0x000001dd08e2e800 Exception <a 'sun/nio/fs/WindowsException'{0x00000000a6861fa0}> (0x00000000a6861fa0) thrown at [./src/hotspot/share/prims/jni.cpp, line 615]
Event: 1.252 Thread 0x000001dd08e2e800 Exception <a 'java/lang/NoClassDefFoundError'{0x00000000a6507538}: imgui/callback/ImPlatformFuncViewport> (0x00000000a6507538) thrown at [./src/hotspot/share/classfile/systemDictionary.cpp, line 220]
Event: 1.252 Thread 0x000001dd08e2e800 Exception <a 'java/lang/NoSuchMethodError'{0x00000000a6507838}: accept> (0x00000000a6507838) thrown at [./src/hotspot/share/prims/jni.cpp, line 1334]
Event: 1.252 Thread 0x000001dd08e2e800 Exception <a 'java/lang/NoClassDefFoundError'{0x00000000a651fa50}: imgui/callback/ImPlatformFuncViewportFloat> (0x00000000a651fa50) thrown at [./src/hotspot/share/classfile/systemDictionary.cpp, line 220]
Event: 1.252 Thread 0x000001dd08e2e800 Exception <a 'java/lang/NoSuchMethodError'{0x00000000a651fd50}: accept> (0x00000000a651fd50) thrown at [./src/hotspot/share/prims/jni.cpp, line 1334]
Event: 1.253 Thread 0x000001dd08e2e800 Exception <a 'java/lang/NoClassDefFoundError'{0x00000000a6538350}: imgui/callback/ImPlatformFuncViewportImVec2> (0x00000000a6538350) thrown at [./src/hotspot/share/classfile/systemDictionary.cpp, line 220]
Event: 1.253 Thread 0x000001dd08e2e800 Exception <a 'java/lang/NoSuchMethodError'{0x00000000a6538650}: accept> (0x00000000a6538650) thrown at [./src/hotspot/share/prims/jni.cpp, line 1334]
Event: 1.253 Thread 0x000001dd08e2e800 Exception <a 'java/lang/NoClassDefFoundError'{0x00000000a6550cc0}: imgui/callback/ImPlatformFuncViewportString> (0x00000000a6550cc0) thrown at [./src/hotspot/share/classfile/systemDictionary.cpp, line 220]
Event: 1.253 Thread 0x000001dd08e2e800 Exception <a 'java/lang/NoSuchMethodError'{0x00000000a6550fc0}: accept> (0x00000000a6550fc0) thrown at [./src/hotspot/share/prims/jni.cpp, line 1334]
Event: 1.253 Thread 0x000001dd08e2e800 Exception <a 'java/lang/NoClassDefFoundError'{0x00000000a656aa98}: imgui/callback/ImPlatformFuncViewportSuppImVec2> (0x00000000a656aa98) thrown at [./src/hotspot/share/classfile/systemDictionary.cpp, line 220]
Event: 1.253 Thread 0x000001dd08e2e800 Exception <a 'java/lang/NoSuchMethodError'{0x00000000a656ad98}: get> (0x00000000a656ad98) thrown at [./src/hotspot/share/prims/jni.cpp, line 1334]
Event: 1.253 Thread 0x000001dd08e2e800 Exception <a 'java/lang/NoClassDefFoundError'{0x00000000a6584ad8}: imgui/callback/ImPlatformFuncViewportSuppBoolean> (0x00000000a6584ad8) thrown at [./src/hotspot/share/classfile/systemDictionary.cpp, line 220]
Event: 1.253 Thread 0x000001dd08e2e800 Exception <a 'java/lang/NoSuchMethodError'{0x00000000a6584dd8}: get> (0x00000000a6584dd8) thrown at [./src/hotspot/share/prims/jni.cpp, line 1334]
Event: 1.253 Thread 0x000001dd08e2e800 Exception <a 'java/lang/NoClassDefFoundError'{0x00000000a659e410}: imgui/callback/ImPlatformFuncViewportSuppFloat> (0x00000000a659e410) thrown at [./src/hotspot/share/classfile/systemDictionary.cpp, line 220]
Event: 1.253 Thread 0x000001dd08e2e800 Exception <a 'java/lang/NoSuchMethodError'{0x00000000a659e710}: get> (0x00000000a659e710) thrown at [./src/hotspot/share/prims/jni.cpp, line 1334]
Event: 1.253 Thread 0x000001dd08e2e800 Exception <a 'java/lang/NoClassDefFoundError'{0x00000000a65b2b88}: imgui/binding/ImGuiStruct> (0x00000000a65b2b88) thrown at [./src/hotspot/share/classfile/systemDictionary.cpp, line 220]

Events (20 events):
Event: 1.251 loading class imgui/ImGuiDestroyableStruct
Event: 1.251 loading class imgui/ImGuiDestroyableStruct done
Event: 1.251 loading class imgui/callback/ImListClipperCallback
Event: 1.251 loading class imgui/callback/ImListClipperCallback done
Event: 1.252 loading class imgui/callback/ImPlatformFuncViewport
Event: 1.252 loading class imgui/callback/ImPlatformFuncViewport done
Event: 1.252 loading class imgui/callback/ImPlatformFuncViewportFloat
Event: 1.252 loading class imgui/callback/ImPlatformFuncViewportFloat done
Event: 1.252 loading class imgui/callback/ImPlatformFuncViewportImVec2
Event: 1.252 loading class imgui/callback/ImPlatformFuncViewportImVec2 done
Event: 1.253 loading class imgui/callback/ImPlatformFuncViewportString
Event: 1.253 loading class imgui/callback/ImPlatformFuncViewportString done
Event: 1.253 loading class imgui/callback/ImPlatformFuncViewportSuppImVec2
Event: 1.253 loading class imgui/callback/ImPlatformFuncViewportSuppImVec2 done
Event: 1.253 loading class imgui/callback/ImPlatformFuncViewportSuppBoolean
Event: 1.253 loading class imgui/callback/ImPlatformFuncViewportSuppBoolean done
Event: 1.253 loading class imgui/callback/ImPlatformFuncViewportSuppFloat
Event: 1.253 loading class imgui/callback/ImPlatformFuncViewportSuppFloat done
Event: 1.253 loading class imgui/binding/ImGuiStruct
Event: 1.253 loading class imgui/binding/ImGuiStruct done


Dynamic libraries:
0x00007ff71cbc0000 - 0x00007ff71cbcd000 	C:\Program Files\Eclipse Foundation\jdk-11.0.12.7-hotspot\bin\java.exe
0x00007ffda7330000 - 0x00007ffda7525000 	C:\Windows\SYSTEM32\ntdll.dll
0x00007ffda5ab0000 - 0x00007ffda5b6e000 	C:\Windows\System32\KERNEL32.DLL
0x00007ffda4fb0000 - 0x00007ffda5278000 	C:\Windows\System32\KERNELBASE.dll
0x00007ffda4da0000 - 0x00007ffda4ea0000 	C:\Windows\System32\ucrtbase.dll
0x00007ffda0510000 - 0x00007ffda0527000 	C:\Program Files\Eclipse Foundation\jdk-11.0.12.7-hotspot\bin\jli.dll
0x00007ffda04f0000 - 0x00007ffda0505000 	C:\Program Files\Eclipse Foundation\jdk-11.0.12.7-hotspot\bin\VCRUNTIME140.dll
0x00007ffda64b0000 - 0x00007ffda6651000 	C:\Windows\System32\USER32.dll
0x00007ffda4cd0000 - 0x00007ffda4cf2000 	C:\Windows\System32\win32u.dll
0x00007ffd8db50000 - 0x00007ffd8ddea000 	C:\Windows\WinSxS\amd64_microsoft.windows.common-controls_6595b64144ccf1df_6.0.19041.1110_none_60b5254171f9507e\COMCTL32.dll
0x00007ffda5f80000 - 0x00007ffda5fab000 	C:\Windows\System32\GDI32.dll
0x00007ffda5a10000 - 0x00007ffda5aae000 	C:\Windows\System32\msvcrt.dll
0x00007ffda4ea0000 - 0x00007ffda4fab000 	C:\Windows\System32\gdi32full.dll
0x00007ffda4d00000 - 0x00007ffda4d9d000 	C:\Windows\System32\msvcp_win.dll
0x00007ffda5fb0000 - 0x00007ffda5fe0000 	C:\Windows\System32\IMM32.DLL
0x00007ffd915f0000 - 0x00007ffd9168b000 	C:\Program Files\Eclipse Foundation\jdk-11.0.12.7-hotspot\bin\msvcp140.dll
0x00007ffd6d710000 - 0x00007ffd6e269000 	C:\Program Files\Eclipse Foundation\jdk-11.0.12.7-hotspot\bin\server\jvm.dll
0x00007ffda63e0000 - 0x00007ffda648c000 	C:\Windows\System32\ADVAPI32.dll
0x00007ffda5380000 - 0x00007ffda541b000 	C:\Windows\System32\sechost.dll
0x00007ffda62b0000 - 0x00007ffda63da000 	C:\Windows\System32\RPCRT4.dll
0x00007ffda6170000 - 0x00007ffda6178000 	C:\Windows\System32\PSAPI.DLL
0x00007ffd9d280000 - 0x00007ffd9d2a7000 	C:\Windows\SYSTEM32\WINMM.dll
0x00007ffd9edb0000 - 0x00007ffd9edba000 	C:\Windows\SYSTEM32\VERSION.dll
0x00007ffda04e0000 - 0x00007ffda04e9000 	C:\Windows\SYSTEM32\WSOCK32.dll
0x00007ffda6090000 - 0x00007ffda60fb000 	C:\Windows\System32\WS2_32.dll
0x00007ffda2970000 - 0x00007ffda2982000 	C:\Windows\SYSTEM32\kernel.appcore.dll
0x00007ffd97280000 - 0x00007ffd97290000 	C:\Program Files\Eclipse Foundation\jdk-11.0.12.7-hotspot\bin\verify.dll
0x00007ffd93200000 - 0x00007ffd933e4000 	C:\Windows\SYSTEM32\DBGHELP.DLL
0x00007ffd92ff0000 - 0x00007ffd9301c000 	C:\Windows\SYSTEM32\dbgcore.DLL
0x00007ffda4ae0000 - 0x00007ffda4b63000 	C:\Windows\System32\bcryptPrimitives.dll
0x00007ffd91760000 - 0x00007ffd91788000 	C:\Program Files\Eclipse Foundation\jdk-11.0.12.7-hotspot\bin\java.dll
0x00007ffd97270000 - 0x00007ffd9727a000 	C:\Program Files\Eclipse Foundation\jdk-11.0.12.7-hotspot\bin\jimage.dll
0x00007ffd91740000 - 0x00007ffd91757000 	C:\Program Files\Eclipse Foundation\jdk-11.0.12.7-hotspot\bin\zip.dll
0x00007ffda6b50000 - 0x00007ffda728f000 	C:\Windows\System32\SHELL32.dll
0x00007ffda2b70000 - 0x00007ffda3300000 	C:\Windows\SYSTEM32\windows.storage.dll
0x00007ffda6660000 - 0x00007ffda69b5000 	C:\Windows\System32\combase.dll
0x00007ffda43d0000 - 0x00007ffda43fe000 	C:\Windows\SYSTEM32\Wldp.dll
0x00007ffda5fe0000 - 0x00007ffda608d000 	C:\Windows\System32\SHCORE.dll
0x00007ffda54b0000 - 0x00007ffda5505000 	C:\Windows\System32\shlwapi.dll
0x00007ffda4990000 - 0x00007ffda49af000 	C:\Windows\SYSTEM32\profapi.dll
0x00007ffd916d0000 - 0x00007ffd916e9000 	C:\Program Files\Eclipse Foundation\jdk-11.0.12.7-hotspot\bin\net.dll
0x00007ffd98430000 - 0x00007ffd9853c000 	C:\Windows\SYSTEM32\WINHTTP.dll
0x00007ffda4130000 - 0x00007ffda419a000 	C:\Windows\system32\mswsock.dll
0x00007ffd915d0000 - 0x00007ffd915e2000 	C:\Program Files\Eclipse Foundation\jdk-11.0.12.7-hotspot\bin\nio.dll
0x00007ffd70220000 - 0x00007ffd70291000 	C:\Users\kaldi\AppData\Local\Temp\lwjglkaldi\3.3.0-build-21\lwjgl.dll
0x00007ffd4bfe0000 - 0x00007ffd4c236000 	C:\Users\kaldi\AppData\Local\Temp\lwjglkaldi\3.3.0-build-21\jemalloc.dll
0x00007ffd701b0000 - 0x00007ffd70211000 	C:\Users\kaldi\AppData\Local\Temp\lwjglkaldi\3.3.0-build-21\glfw.dll
0x00007ffd86b40000 - 0x00007ffd86b85000 	C:\Windows\SYSTEM32\dinput8.dll
0x00007ffd918b0000 - 0x00007ffd918c1000 	C:\Windows\SYSTEM32\xinput1_4.dll
0x00007ffda5280000 - 0x00007ffda52ce000 	C:\Windows\System32\cfgmgr32.dll
0x00007ffda4780000 - 0x00007ffda47b4000 	C:\Windows\SYSTEM32\DEVOBJ.dll
0x00007ffda2680000 - 0x00007ffda26af000 	C:\Windows\SYSTEM32\dwmapi.dll
0x00007ffd9aab0000 - 0x00007ffd9ac02000 	C:\Windows\SYSTEM32\inputhost.dll
0x00007ffda5c90000 - 0x00007ffda5d5d000 	C:\Windows\System32\OLEAUT32.dll
0x00007ffda1f90000 - 0x00007ffda2082000 	C:\Windows\SYSTEM32\CoreMessaging.dll
0x00007ffda0610000 - 0x00007ffda0706000 	C:\Windows\SYSTEM32\PROPSYS.dll
0x00007ffda1c30000 - 0x00007ffda1f8e000 	C:\Windows\SYSTEM32\CoreUIComponents.dll
0x00007ffda1560000 - 0x00007ffda16b4000 	C:\Windows\SYSTEM32\wintypes.dll
0x00007ffda3740000 - 0x00007ffda3773000 	C:\Windows\SYSTEM32\ntmarta.dll
0x00007ffda2490000 - 0x00007ffda252e000 	C:\Windows\system32\uxtheme.dll
0x00007ffda5b70000 - 0x00007ffda5c85000 	C:\Windows\System32\MSCTF.dll
0x00007ffd6bb30000 - 0x00007ffd6bc55000 	C:\Windows\SYSTEM32\opengl32.dll
0x00007ffd6d200000 - 0x00007ffd6d22c000 	C:\Windows\SYSTEM32\GLU32.dll
0x00007ffda69c0000 - 0x00007ffda6a69000 	C:\Windows\System32\clbcatq.dll
0x00007ffd6d1d0000 - 0x00007ffd6d1fa000 	C:\Windows\System32\DriverStore\FileRepository\u0360470.inf_amd64_35c64671e7fac064\B360357\atig6pxx.dll
0x00007ffd67540000 - 0x00007ffd6a227000 	C:\Windows\System32\DriverStore\FileRepository\u0360470.inf_amd64_35c64671e7fac064\B360357\atio6axx.dll
0x00007ffda5590000 - 0x00007ffda5a02000 	C:\Windows\System32\SETUPAPI.dll
0x00007ffda4a50000 - 0x00007ffda4a77000 	C:\Windows\System32\bcrypt.dll
0x00007ffd96b90000 - 0x00007ffd96bb4000 	C:\Windows\SYSTEM32\dxva2.dll
0x00007ffda6180000 - 0x00007ffda62aa000 	C:\Windows\System32\ole32.dll
0x00007ffd6d0e0000 - 0x00007ffd6d11c000 	C:\Windows\System32\DriverStore\FileRepository\u0360470.inf_amd64_35c64671e7fac064\B360357\atig6txx.dll
0x00007ffd67380000 - 0x00007ffd67539000 	C:\Windows\SYSTEM32\atiadlxx.dll
0x00007ffda4a80000 - 0x00007ffda4ae0000 	C:\Windows\System32\WINTRUST.dll
0x00007ffda4b70000 - 0x00007ffda4cc6000 	C:\Windows\System32\CRYPT32.dll
0x00007ffda4560000 - 0x00007ffda4572000 	C:\Windows\SYSTEM32\MSASN1.dll
0x00007ffd9d490000 - 0x00007ffd9d4cb000 	C:\Windows\SYSTEM32\dxcore.dll
0x00007ffd9ac10000 - 0x00007ffd9ad09000 	C:\Windows\SYSTEM32\textinputframework.dll
0x00007ffd893c0000 - 0x00007ffd89426000 	C:\Windows\system32\Oleacc.dll
0x00007ffd70150000 - 0x00007ffd701ad000 	C:\Users\kaldi\AppData\Local\Temp\lwjglkaldi\3.3.0-build-21\lwjgl_opengl.dll
0x0000000064a00000 - 0x0000000064d12000 	C:\Users\kaldi\AppData\Local\Temp\imgui-java-bin_kaldi\imgui-java64.dll
0x00007ffda4320000 - 0x00007ffda4338000 	C:\Windows\SYSTEM32\CRYPTSP.dll
0x00007ffda3ab0000 - 0x00007ffda3ae4000 	C:\Windows\system32\rsaenh.dll
0x00007ffda4340000 - 0x00007ffda434c000 	C:\Windows\SYSTEM32\CRYPTBASE.dll

dbghelp: loaded successfully - version: 4.0.5 - missing functions: none
symbol engine: initialized successfully - sym options: 0x614 - pdb path: .;C:\Program Files\Eclipse Foundation\jdk-11.0.12.7-hotspot\bin;C:\Windows\SYSTEM32;C:\Windows\WinSxS\amd64_microsoft.windows.common-controls_6595b64144ccf1df_6.0.19041.1110_none_60b5254171f9507e;C:\Program Files\Eclipse Foundation\jdk-11.0.12.7-hotspot\bin\server;C:\Users\kaldi\AppData\Local\Temp\lwjglkaldi\3.3.0-build-21;C:\Windows\System32\DriverStore\FileRepository\u0360470.inf_amd64_35c64671e7fac064\B360357;C:\Users\kaldi\AppData\Local\Temp\imgui-java-bin_kaldi

VM Arguments:
java_command: engine.Main
java_class_path (initial): d:\Projects\JFF OpenGL\LWJGL\2D LWJGL3 Engine\lib\lwjgl3\lwjgl-llvm.jar;d:\Projects\JFF OpenGL\LWJGL\2D LWJGL3 Engine\lib\lwjgl3\lwjgl-openvr-natives-windows.jar;d:\Projects\JFF OpenGL\LWJGL\2D LWJGL3 Engine\lib\lwjgl3\lwjgl-shaderc-javadoc.jar;d:\Projects\JFF OpenGL\LWJGL\2D LWJGL3 Engine\lib\lwjgl3\lwjgl-llvm-natives-windows.jar;d:\Projects\JFF OpenGL\LWJGL\2D LWJGL3 Engine\lib\lwjgl3\lwjgl-sse.jar;d:\Projects\JFF OpenGL\LWJGL\2D LWJGL3 Engine\lib\imgui-app-1.82.2.jar;d:\Projects\JFF OpenGL\LWJGL\2D LWJGL3 Engine\lib\joml-1.10.0.jar;d:\Projects\JFF OpenGL\LWJGL\2D LWJGL3 Engine\lib\lwjgl3\lwjgl-llvm-javadoc.jar;d:\Projects\JFF OpenGL\LWJGL\2D LWJGL3 Engine\lib\lwjgl3\lwjgl-lmdb.jar;d:\Projects\JFF OpenGL\LWJGL\2D LWJGL3 Engine\lib\lwjgl3\lwjgl-xxhash-javadoc.jar;d:\Projects\JFF OpenGL\LWJGL\2D LWJGL3 Engine\lib\lwjgl3\lwjgl-yoga-natives-windows.jar;d:\Projects\JFF OpenGL\LWJGL\2D LWJGL3 Engine\lib\lwjgl3\lwjgl-opengl-natives-windows.jar;d:\Projects\JFF OpenGL\LWJGL\2D LWJGL3 Engine\lib\lwjgl3\lwjgl-nfd-natives-windows.jar;d:\Projects\JFF OpenGL\LWJGL\2D LWJGL3 Engine\lib\lwjgl3\lwjgl-spvc.jar;d:\Projects\JFF OpenGL\LWJGL\2D LWJGL3 Engine\lib\lwjgl3\lwjgl-ovr.jar;d:\Projects\JFF OpenGL\LWJGL\2D LWJGL3 Engine\lib\lwjgl3\lwjgl-openvr.jar;d:\Projects\JFF OpenGL\LWJGL\2D LWJGL3 Engine\lib\lwjgl3\lwjgl-meow-javadoc.jar;d:\Projects\JFF OpenGL\LWJGL\2D LWJGL3 Engine\lib\lwjgl3\lwjgl-jemalloc-javadoc.jar;d:\Projects\JFF OpenGL\LWJGL\2D LWJGL3 Engine\lib\lwjgl3\lwjgl-tinyfd.jar;d:\Projects\JFF OpenGL\LWJGL\2D LWJGL3 Engine\lib\lwjgl3-1.76-0.10.jar;d:\Projects\JFF OpenGL\LWJGL\2D LWJGL3 Engine\lib\lwjgl3\lwjgl-openal-javadoc.jar;d:\Projects\JFF OpenGL\LWJGL\2D LWJGL3 Engine\lib\lwjgl3\lwjgl-tootle-natives-windows.jar;d:\Projects\JFF OpenGL\LWJGL\2D LWJGL3 Engine\lib\lwjgl3\lwjgl-remotery-javadoc.jar;d:\Projects\JFF OpenGL\LWJGL\2D LWJGL3 Engine\lib\lwjgl3\lwjgl-assimp-natives-windows.jar;d:\Projects\JFF OpenGL\LWJGL\2D LWJGL3 Engine\lib\lwjgl3\lw
Launcher Type: SUN_STANDARD

[Global flags]
     intx CICompilerCount                          = 3                                         {product} {ergonomic}
     uint ConcGCThreads                            = 1                                         {product} {ergonomic}
     uint G1ConcRefinementThreads                  = 4                                         {product} {ergonomic}
   size_t G1HeapRegionSize                         = 1048576                                   {product} {ergonomic}
    uintx GCDrainStackTargetSize                   = 64                                        {product} {ergonomic}
   size_t InitialHeapSize                          = 100663296                                 {product} {ergonomic}
   size_t MarkStackSize                            = 4194304                                   {product} {ergonomic}
   size_t MaxHeapSize                              = 1598029824                                {product} {ergonomic}
   size_t MaxNewSize                               = 958398464                                 {product} {ergonomic}
   size_t MinHeapDeltaBytes                        = 1048576                                   {product} {ergonomic}
    uintx NonNMethodCodeHeapSize                   = 5830732                                {pd product} {ergonomic}
    uintx NonProfiledCodeHeapSize                  = 122913754                              {pd product} {ergonomic}
    uintx ProfiledCodeHeapSize                     = 122913754                              {pd product} {ergonomic}
    uintx ReservedCodeCacheSize                    = 251658240                              {pd product} {ergonomic}
     bool SegmentedCodeCache                       = true                                      {product} {ergonomic}
     bool UseCompressedClassPointers               = true                                 {lp64_product} {ergonomic}
     bool UseCompressedOops                        = true                                 {lp64_product} {ergonomic}
     bool UseG1GC                                  = true                                      {product} {ergonomic}
     bool UseLargePagesIndividualAllocation        = false                                  {pd product} {ergonomic}

Logging:
Log output configuration:
 #0: stdout all=warning uptime,level,tags
 #1: stderr all=off uptime,level,tags

Environment Variables:
PATH=C:\Program Files\Eclipse Foundation\jdk-11.0.12.7-hotspot\bin;C:\Program Files\Eclipse Foundation\jdk-8.0.302.8-hotspot\bin;C:\Program Files (x86)\Common Files\Oracle\Java\javapath;C:\Windows\system32;C:\Windows;C:\Windows\System32\Wbem;C:\Windows\System32\WindowsPowerShell\v1.0\;C:\Windows\System32\OpenSSH\;C:\Program Files\dotnet\;C:\Users\kaldi\AppData\Local\Microsoft\WindowsApps;C:\Users\kaldi\AppData\Local\Programs\Microsoft VS Code\bin;C:\Users\kaldi\AppData\Local\GitHubDesktop\bin;C:\Users\kaldi\.dotnet\tools
USERNAME=kaldi
LANG=de_DE.UTF-8
OS=Windows_NT
PROCESSOR_IDENTIFIER=AMD64 Family 23 Model 17 Stepping 0, AuthenticAMD



---------------  S Y S T E M  ---------------

OS: Windows 10 , 64 bit Build 19041 (10.0.19041.1348)
OS uptime: 0 days 2:26 hours

CPU:total 4 (initial active 4) (4 cores per cpu, 1 threads per core) family 23 model 17 stepping 0 microcode 0x0, cmov, cx8, fxsr, mmx, sse, sse2, sse3, ssse3, sse4.1, sse4.2, popcnt, avx, avx2, aes, clmul, mmxext, 3dnowpref, lzcnt, sse4a, tsc, tscinvbit, tscinv, bmi1, bmi2, adx, sha, fma

Memory: 4k page, system-wide physical 6092M (1420M free)
TotalPageFile size 15308M (AvailPageFile size 7928M)
current process WorkingSet (physical memory assigned to process): 98M, peak: 98M
current process commit charge ("private bytes"): 290M, peak: 290M

vm_info: OpenJDK 64-Bit Server VM (11.0.12+7) for windows-amd64 JRE (11.0.12+7), built on Jul 21 2021 16:23:49 by "" with unknown MS VC++:1916

END.
